<?xml version="1.0" encoding="UTF-8"?>
<coverage generated="1763986240612" clover="3.2.0">
  <project timestamp="1763986240613" name="All files">
    <metrics statements="25" coveredstatements="24" conditionals="12" coveredconditionals="10" methods="8" coveredmethods="7" elements="45" coveredelements="41" complexity="0" loc="25" ncloc="25" packages="1" files="1" classes="1"/>
    <file name="auth.service.ts" path="/home/claude/chainmill-platform/backend/src/auth/auth.service.ts">
      <metrics statements="25" coveredstatements="24" conditionals="12" coveredconditionals="10" methods="8" coveredmethods="7"/>
      <line num="1" count="1" type="stmt"/>
      <line num="2" count="1" type="stmt"/>
      <line num="3" count="1" type="stmt"/>
      <line num="24" count="1" type="stmt"/>
      <line num="25" count="14" type="stmt"/>
      <line num="28" count="14" type="stmt"/>
      <line num="40" count="14" type="stmt"/>
      <line num="48" count="4" type="cond" truecount="4" falsecount="0"/>
      <line num="49" count="1" type="stmt"/>
      <line num="52" count="3" type="stmt"/>
      <line num="65" count="4" type="stmt"/>
      <line num="74" count="5" type="stmt"/>
      <line num="84" count="2" type="stmt"/>
      <line num="94" count="3" type="stmt"/>
      <line num="96" count="3" type="cond" truecount="4" falsecount="0"/>
      <line num="97" count="1" type="stmt"/>
      <line num="100" count="2" type="stmt"/>
      <line num="102" count="2" type="cond" truecount="2" falsecount="0"/>
      <line num="103" count="1" type="stmt"/>
      <line num="107" count="1" type="stmt"/>
      <line num="108" count="1" type="stmt"/>
      <line num="117" count="2" type="stmt"/>
      <line num="123" count="2" type="stmt"/>
      <line num="125" count="2" type="stmt"/>
      <line num="139" count="0" type="cond" truecount="0" falsecount="2"/>
    </file>
  </project>
</coverage>
