{"/home/claude/chainmill-platform/backend/src/auth/auth.service.ts": {"path":"/home/claude/chainmill-platform/backend/src/auth/auth.service.ts","statementMap":{"0":{"start":{"line":1,"column":0},"end":{"line":1,"column":44}},"1":{"start":{"line":2,"column":0},"end":{"line":2,"column":41}},"2":{"start":{"line":3,"column":0},"end":{"line":3,"column":33}},"3":{"start":{"line":24,"column":7},"end":{"line":141,"column":null}},"4":{"start":{"line":40,"column":31},"end":{"line":40,"column":43}},"5":{"start":{"line":25,"column":19},"end":{"line":25,"column":35}},"6":{"start":{"line":28,"column":19},"end":{"line":38,"column":5}},"7":{"start":{"line":48,"column":4},"end":{"line":50,"column":5}},"8":{"start":{"line":49,"column":6},"end":{"line":49,"column":50}},"9":{"start":{"line":52,"column":4},"end":{"line":52,"column":50}},"10":{"start":{"line":65,"column":4},"end":{"line":65,"column":52}},"11":{"start":{"line":74,"column":4},"end":{"line":74,"column":41}},"12":{"start":{"line":84,"column":4},"end":{"line":84,"column":41}},"13":{"start":{"line":94,"column":17},"end":{"line":94,"column":50}},"14":{"start":{"line":96,"column":4},"end":{"line":98,"column":5}},"15":{"start":{"line":97,"column":6},"end":{"line":97,"column":18}},"16":{"start":{"line":100,"column":28},"end":{"line":100,"column":80}},"17":{"start":{"line":102,"column":4},"end":{"line":104,"column":5}},"18":{"start":{"line":103,"column":6},"end":{"line":103,"column":18}},"19":{"start":{"line":107,"column":52},"end":{"line":107,"column":56}},"20":{"start":{"line":108,"column":4},"end":{"line":108,"column":31}},"21":{"start":{"line":117,"column":33},"end":{"line":121,"column":6}},"22":{"start":{"line":123,"column":25},"end":{"line":123,"column":52}},"23":{"start":{"line":125,"column":4},"end":{"line":128,"column":6}},"24":{"start":{"line":139,"column":4},"end":{"line":139,"column":45}},"25":{"start":{"line":24,"column":13},"end":{"line":24,"column":24}},"26":{"start":{"line":24,"column":13},"end":{"line":141,"column":null}}},"fnMap":{"0":{"name":"(anonymous_11)","decl":{"start":{"line":40,"column":2},"end":{"line":40,"column":31}},"loc":{"start":{"line":40,"column":53},"end":{"line":40,"column":57}}},"1":{"name":"(anonymous_12)","decl":{"start":{"line":47,"column":2},"end":{"line":47,"column":7}},"loc":{"start":{"line":47,"column":37},"end":{"line":53,"column":3}}},"2":{"name":"(anonymous_13)","decl":{"start":{"line":61,"column":2},"end":{"line":61,"column":7}},"loc":{"start":{"line":63,"column":26},"end":{"line":66,"column":3}}},"3":{"name":"(anonymous_14)","decl":{"start":{"line":73,"column":2},"end":{"line":73,"column":15}},"loc":{"start":{"line":73,"column":36},"end":{"line":75,"column":3}}},"4":{"name":"(anonymous_15)","decl":{"start":{"line":83,"column":2},"end":{"line":83,"column":13}},"loc":{"start":{"line":83,"column":27},"end":{"line":85,"column":3}}},"5":{"name":"(anonymous_16)","decl":{"start":{"line":93,"column":2},"end":{"line":93,"column":7}},"loc":{"start":{"line":93,"column":52},"end":{"line":109,"column":3}}},"6":{"name":"(anonymous_17)","decl":{"start":{"line":116,"column":2},"end":{"line":116,"column":7}},"loc":{"start":{"line":116,"column":42},"end":{"line":129,"column":3}}},"7":{"name":"(anonymous_18)","decl":{"start":{"line":138,"column":10},"end":{"line":138,"column":15}},"loc":{"start":{"line":138,"column":45},"end":{"line":140,"column":3}}}},"branchMap":{"0":{"loc":{"start":{"line":48,"column":4},"end":{"line":50,"column":5}},"type":"if","locations":[{"start":{"line":48,"column":4},"end":{"line":50,"column":5}},{"start":{},"end":{}}]},"1":{"loc":{"start":{"line":48,"column":8},"end":{"line":48,"column":42}},"type":"binary-expr","locations":[{"start":{"line":48,"column":8},"end":{"line":48,"column":17}},{"start":{"line":48,"column":21},"end":{"line":48,"column":42}}]},"2":{"loc":{"start":{"line":96,"column":4},"end":{"line":98,"column":5}},"type":"if","locations":[{"start":{"line":96,"column":4},"end":{"line":98,"column":5}},{"start":{},"end":{}}]},"3":{"loc":{"start":{"line":96,"column":8},"end":{"line":96,"column":31}},"type":"binary-expr","locations":[{"start":{"line":96,"column":8},"end":{"line":96,"column":13}},{"start":{"line":96,"column":17},"end":{"line":96,"column":31}}]},"4":{"loc":{"start":{"line":102,"column":4},"end":{"line":104,"column":5}},"type":"if","locations":[{"start":{"line":102,"column":4},"end":{"line":104,"column":5}},{"start":{},"end":{}}]},"5":{"loc":{"start":{"line":139,"column":11},"end":{"line":139,"column":44}},"type":"binary-expr","locations":[{"start":{"line":139,"column":11},"end":{"line":139,"column":36}},{"start":{"line":139,"column":40},"end":{"line":139,"column":44}}]}},"s":{"0":1,"1":1,"2":1,"3":1,"4":14,"5":14,"6":14,"7":4,"8":1,"9":3,"10":4,"11":5,"12":2,"13":3,"14":3,"15":1,"16":2,"17":2,"18":1,"19":1,"20":1,"21":2,"22":2,"23":2,"24":0,"25":1,"26":1},"f":{"0":14,"1":4,"2":4,"3":5,"4":2,"5":3,"6":2,"7":0},"b":{"0":[1,3],"1":[4,3],"2":[1,2],"3":[3,2],"4":[1,1],"5":[0,0]}}
}
