TN:
SF:src/auth/auth.service.ts
FN:40,(anonymous_11)
FN:47,(anonymous_12)
FN:61,(anonymous_13)
FN:73,(anonymous_14)
FN:83,(anonymous_15)
FN:93,(anonymous_16)
FN:116,(anonymous_17)
FN:138,(anonymous_18)
FNF:8
FNH:7
FNDA:14,(anonymous_11)
FNDA:4,(anonymous_12)
FNDA:4,(anonymous_13)
FNDA:5,(anonymous_14)
FNDA:2,(anonymous_15)
FNDA:3,(anonymous_16)
FNDA:2,(anonymous_17)
FNDA:0,(anonymous_18)
DA:1,1
DA:2,1
DA:3,1
DA:24,1
DA:25,14
DA:28,14
DA:40,14
DA:48,4
DA:49,1
DA:52,3
DA:65,4
DA:74,5
DA:84,2
DA:94,3
DA:96,3
DA:97,1
DA:100,2
DA:102,2
DA:103,1
DA:107,1
DA:108,1
DA:117,2
DA:123,2
DA:125,2
DA:139,0
LF:25
LH:24
BRDA:48,0,0,1
BRDA:48,0,1,3
BRDA:48,1,0,4
BRDA:48,1,1,3
BRDA:96,2,0,1
BRDA:96,2,1,2
BRDA:96,3,0,3
BRDA:96,3,1,2
BRDA:102,4,0,1
BRDA:102,4,1,1
BRDA:139,5,0,0
BRDA:139,5,1,0
BRF:12
BRH:10
end_of_record
